app/build/outputs/logs/manifest-merger-debug-report.txt
-- Merging decision tree log ---
manifest
ADDED from src/main/AndroidManifest.xml:2:1-125:12
	package
		ADDED from src/main/AndroidManifest.xml:3:5-40
		INJECTED from src/main/AndroidManifest.xml
		INJECTED from src/main/AndroidManifest.xml
	android:versionName
		ADDED from src/main/AndroidManifest.xml:5:5-30
		INJECTED from src/main/AndroidManifest.xml
		INJECTED from src/main/AndroidManifest.xml
	android:versionCode
		ADDED from src/main/AndroidManifest.xml:4:5-28
		INJECTED from src/main/AndroidManifest.xml
		INJECTED from src/main/AndroidManifest.xml
	xmlns:android
		ADDED from src/main/AndroidManifest.xml:2:11-69
uses-sdk
ADDED from src/main/AndroidManifest.xml:8:5-10:41
MERGED from [cn.bmob.android:bmob-sdk:3.5.5] AndroidManifest.xml:7:5-9:41
	android:targetSdkVersion
		ADDED from src/main/AndroidManifest.xml:10:9-38
		INJECTED from src/main/AndroidManifest.xml
		INJECTED from src/main/AndroidManifest.xml
	android:minSdkVersion
		ADDED from src/main/AndroidManifest.xml:9:9-35
		INJECTED from src/main/AndroidManifest.xml
		INJECTED from src/main/AndroidManifest.xml
permission#cn.bmob.permission.push
ADDED from src/main/AndroidManifest.xml:13:5-16:18
	android:protectionLevel
		ADDED from src/main/AndroidManifest.xml:15:9-41
	android:name
		ADDED from src/main/AndroidManifest.xml:14:9-47
uses-permission#cn.bmob.permission.push
ADDED from src/main/AndroidManifest.xml:18:5-63
	android:name
		ADDED from src/main/AndroidManifest.xml:18:22-60
uses-permission#android.permission.READ_LOGS
ADDED from src/main/AndroidManifest.xml:19:5-68
	android:name
		ADDED from src/main/AndroidManifest.xml:19:22-65
uses-permission#android.permission.INTERNET
ADDED from src/main/AndroidManifest.xml:20:5-67
	android:name
		ADDED from src/main/AndroidManifest.xml:20:22-64
uses-permission#android.permission.READ_PHONE_STATE
ADDED from src/main/AndroidManifest.xml:21:5-75
	android:name
		ADDED from src/main/AndroidManifest.xml:21:22-72
uses-permission#android.permission.WAKE_LOCK
ADDED from src/main/AndroidManifest.xml:22:5-68
	android:name
		ADDED from src/main/AndroidManifest.xml:22:22-65
uses-permission#android.permission.RECEIVE_BOOT_COMPLETED
ADDED from src/main/AndroidManifest.xml:23:5-81
	android:name
		ADDED from src/main/AndroidManifest.xml:23:22-78
uses-permission#android.permission.WRITE_EXTERNAL_STORAGE
ADDED from src/main/AndroidManifest.xml:24:5-81
	android:name
		ADDED from src/main/AndroidManifest.xml:24:22-78
uses-permission#android.permission.VIBRATE
ADDED from src/main/AndroidManifest.xml:25:5-66
	android:name
		ADDED from src/main/AndroidManifest.xml:25:22-63
uses-permission#android.permission.MOUNT_UNMOUNT_FILESYSTEMS
ADDED from src/main/AndroidManifest.xml:27:5-84
	android:name
		ADDED from src/main/AndroidManifest.xml:27:22-81
uses-permission#android.permission.ACCESS_NETWORK_STATE
ADDED from src/main/AndroidManifest.xml:28:5-79
	android:name
		ADDED from src/main/AndroidManifest.xml:28:22-76
uses-permission#android.permission.ACCESS_WIFI_STATE
ADDED from src/main/AndroidManifest.xml:29:5-76
	android:name
		ADDED from src/main/AndroidManifest.xml:29:22-73
uses-permission#android.permission.RECEIVE_USER_PRESENT
ADDED from src/main/AndroidManifest.xml:30:5-79
	android:name
		ADDED from src/main/AndroidManifest.xml:30:22-76
application
ADDED from src/main/AndroidManifest.xml:32:5-123:19
MERGED from [cn.bmob.android:bmob-sdk:3.5.5] AndroidManifest.xml:11:5-14:19
	android:label
		ADDED from src/main/AndroidManifest.xml:35:9-41
	android:supportsRtl
		ADDED from [cn.bmob.android:bmob-sdk:3.5.5] AndroidManifest.xml:13:9-35
	android:allowBackup
		ADDED from src/main/AndroidManifest.xml:33:9-35
	android:icon
		ADDED from src/main/AndroidManifest.xml:34:9-38
	android:theme
		ADDED from src/main/AndroidManifest.xml:36:9-62
activity#com.coop.android.activity.LoginActivity
ADDED from src/main/AndroidManifest.xml:37:9-45:20
	android:screenOrientation
		ADDED from src/main/AndroidManifest.xml:39:13-49
	android:name
		ADDED from src/main/AndroidManifest.xml:38:13-67
intent-filter#android.intent.action.MAIN+android.intent.category.LAUNCHER
ADDED from src/main/AndroidManifest.xml:40:13-44:29
action#android.intent.action.MAIN
ADDED from src/main/AndroidManifest.xml:41:17-69
	android:name
		ADDED from src/main/AndroidManifest.xml:41:25-66
category#android.intent.category.LAUNCHER
ADDED from src/main/AndroidManifest.xml:43:17-77
	android:name
		ADDED from src/main/AndroidManifest.xml:43:27-74
activity#com.coop.android.activity.RegisterActivity
ADDED from src/main/AndroidManifest.xml:46:9-49:20
	android:screenOrientation
		ADDED from src/main/AndroidManifest.xml:48:13-49
	android:name
		ADDED from src/main/AndroidManifest.xml:47:13-70
activity#com.coop.android.activity.SrcoopActivity
ADDED from src/main/AndroidManifest.xml:50:9-54:20
	android:screenOrientation
		ADDED from src/main/AndroidManifest.xml:53:13-49
	android:label
		ADDED from src/main/AndroidManifest.xml:52:13-45
	android:name
		ADDED from src/main/AndroidManifest.xml:51:13-68
activity#com.coop.android.activity.ProjectActivity
ADDED from src/main/AndroidManifest.xml:55:9-59:20
	android:screenOrientation
		ADDED from src/main/AndroidManifest.xml:58:13-49
	android:label
		ADDED from src/main/AndroidManifest.xml:57:13-45
	android:name
		ADDED from src/main/AndroidManifest.xml:56:13-69
activity#com.coop.android.activity.TaskActivity
ADDED from src/main/AndroidManifest.xml:60:9-64:20
	android:screenOrientation
		ADDED from src/main/AndroidManifest.xml:62:13-49
	android:windowSoftInputMode
		ADDED from src/main/AndroidManifest.xml:63:13-52
	android:name
		ADDED from src/main/AndroidManifest.xml:61:13-66
activity#com.coop.android.activity.ReferenceDetailActivity
ADDED from src/main/AndroidManifest.xml:65:9-69:20
	android:screenOrientation
		ADDED from src/main/AndroidManifest.xml:67:13-49
	android:windowSoftInputMode
		ADDED from src/main/AndroidManifest.xml:68:13-52
	android:name
		ADDED from src/main/AndroidManifest.xml:66:13-77
activity#com.coop.android.activity.ReferencesActivity
ADDED from src/main/AndroidManifest.xml:70:9-73:20
	android:screenOrientation
		ADDED from src/main/AndroidManifest.xml:72:13-49
	android:name
		ADDED from src/main/AndroidManifest.xml:71:13-72
activity#com.coop.android.activity.DocumentsActivity
ADDED from src/main/AndroidManifest.xml:74:9-77:20
	android:screenOrientation
		ADDED from src/main/AndroidManifest.xml:76:13-49
	android:name
		ADDED from src/main/AndroidManifest.xml:75:13-71
activity#com.coop.android.activity.FileExplorerActivity
ADDED from src/main/AndroidManifest.xml:78:9-82:20
	android:screenOrientation
		ADDED from src/main/AndroidManifest.xml:80:13-49
	android:windowSoftInputMode
		ADDED from src/main/AndroidManifest.xml:81:13-52
	android:name
		ADDED from src/main/AndroidManifest.xml:79:13-74
activity#com.coop.android.activity.DiscussionsActivity
ADDED from src/main/AndroidManifest.xml:83:9-86:20
	android:screenOrientation
		ADDED from src/main/AndroidManifest.xml:85:13-49
	android:name
		ADDED from src/main/AndroidManifest.xml:84:13-73
activity#com.coop.android.activity.DiscussionDetailActivity
ADDED from src/main/AndroidManifest.xml:87:9-90:20
	android:screenOrientation
		ADDED from src/main/AndroidManifest.xml:89:13-49
	android:name
		ADDED from src/main/AndroidManifest.xml:88:13-78
activity#com.coop.android.activity.ProjectDetailActivity
ADDED from src/main/AndroidManifest.xml:91:9-95:20
	android:screenOrientation
		ADDED from src/main/AndroidManifest.xml:93:13-49
	android:windowSoftInputMode
		ADDED from src/main/AndroidManifest.xml:94:13-73
	android:name
		ADDED from src/main/AndroidManifest.xml:92:13-75
service#cn.bmob.push.lib.service.PushService
ADDED from src/main/AndroidManifest.xml:97:9-106:19
	android:process
		ADDED from src/main/AndroidManifest.xml:102:13-43
	android:label
		ADDED from src/main/AndroidManifest.xml:100:13-40
	android:exported
		ADDED from src/main/AndroidManifest.xml:99:13-36
	android:permission
		ADDED from src/main/AndroidManifest.xml:101:13-57
	android:name
		ADDED from src/main/AndroidManifest.xml:98:13-64
intent-filter#cn.bmob.push.lib.service.PushService
ADDED from src/main/AndroidManifest.xml:103:13-105:29
action#cn.bmob.push.lib.service.PushService
ADDED from src/main/AndroidManifest.xml:104:17-79
	android:name
		ADDED from src/main/AndroidManifest.xml:104:25-76
receiver#cn.bmob.push.PushReceiver
ADDED from src/main/AndroidManifest.xml:108:9-117:20
	android:name
		ADDED from src/main/AndroidManifest.xml:108:19-59
intent-filter#android.intent.action.BOOT_COMPLETED+android.intent.action.USER_PRESENT+android.net.conn.CONNECTIVITY_CHANGE
ADDED from src/main/AndroidManifest.xml:109:13-116:29
	android:priority
		ADDED from src/main/AndroidManifest.xml:109:28-57
action#android.intent.action.BOOT_COMPLETED
ADDED from src/main/AndroidManifest.xml:111:17-79
	android:name
		ADDED from src/main/AndroidManifest.xml:111:25-76
action#android.intent.action.USER_PRESENT
ADDED from src/main/AndroidManifest.xml:113:17-77
	android:name
		ADDED from src/main/AndroidManifest.xml:113:25-74
action#android.net.conn.CONNECTIVITY_CHANGE
ADDED from src/main/AndroidManifest.xml:115:17-79
	android:name
		ADDED from src/main/AndroidManifest.xml:115:25-76
receiver#com.coop.android.activity.receiver.PushMessageReceiver
ADDED from src/main/AndroidManifest.xml:118:9-122:20
	android:name
		ADDED from src/main/AndroidManifest.xml:118:19-88
intent-filter#cn.bmob.push.action.MESSAGE
ADDED from src/main/AndroidManifest.xml:119:13-121:29
action#cn.bmob.push.action.MESSAGE
ADDED from src/main/AndroidManifest.xml:120:17-70
	android:name
		ADDED from src/main/AndroidManifest.xml:120:25-67